<?xml version="1.0" encoding="UTF-8"?>
<testsuite xmlns:xsi="http://www.w3.org/2001/XMLSchema-instance" xsi:noNamespaceSchemaLocation="https://maven.apache.org/surefire/maven-surefire-plugin/xsd/surefire-test-report-3.0.xsd" version="3.0" name="ecommerce.GreetingResourceTest" time="13.411" tests="1" errors="0" skipped="0" failures="1">
  <properties>
    <property name="sun.desktop" value="windows"/>
    <property name="awt.toolkit" value="sun.awt.windows.WToolkit"/>
    <property name="java.specification.version" value="11"/>
    <property name="sun.cpu.isalist" value="amd64"/>
    <property name="test.url" value="http://localhost:8081"/>
    <property name="sun.jnu.encoding" value="Cp1252"/>
    <property name="java.class.path" value="D:\Atta\projects\Openshift\code-with-quarkus-client\target\test-classes;D:\Atta\projects\Openshift\code-with-quarkus-client\target\classes;C:\Users\locadmin\.m2\repository\io\quarkus\quarkus-arc\2.5.0.Final\quarkus-arc-2.5.0.Final.jar;C:\Users\locadmin\.m2\repository\io\quarkus\arc\arc\2.5.0.Final\arc-2.5.0.Final.jar;C:\Users\locadmin\.m2\repository\jakarta\enterprise\jakarta.enterprise.cdi-api\2.0.2\jakarta.enterprise.cdi-api-2.0.2.jar;C:\Users\locadmin\.m2\repository\jakarta\el\jakarta.el-api\3.0.3\jakarta.el-api-3.0.3.jar;C:\Users\locadmin\.m2\repository\jakarta\interceptor\jakarta.interceptor-api\1.2.5\jakarta.interceptor-api-1.2.5.jar;C:\Users\locadmin\.m2\repository\jakarta\annotation\jakarta.annotation-api\1.3.5\jakarta.annotation-api-1.3.5.jar;C:\Users\locadmin\.m2\repository\jakarta\transaction\jakarta.transaction-api\1.3.3\jakarta.transaction-api-1.3.3.jar;C:\Users\locadmin\.m2\repository\org\jboss\logging\jboss-logging\3.4.2.Final\jboss-logging-3.4.2.Final.jar;C:\Users\locadmin\.m2\repository\io\quarkus\quarkus-core\2.5.0.Final\quarkus-core-2.5.0.Final.jar;C:\Users\locadmin\.m2\repository\jakarta\inject\jakarta.inject-api\1.0\jakarta.inject-api-1.0.jar;C:\Users\locadmin\.m2\repository\io\quarkus\quarkus-ide-launcher\2.5.0.Final\quarkus-ide-launcher-2.5.0.Final.jar;C:\Users\locadmin\.m2\repository\io\quarkus\quarkus-development-mode-spi\2.5.0.Final\quarkus-development-mode-spi-2.5.0.Final.jar;C:\Users\locadmin\.m2\repository\io\smallrye\config\smallrye-config\2.6.0\smallrye-config-2.6.0.jar;C:\Users\locadmin\.m2\repository\io\smallrye\config\smallrye-config-core\2.6.0\smallrye-config-core-2.6.0.jar;C:\Users\locadmin\.m2\repository\org\eclipse\microprofile\config\microprofile-config-api\2.0\microprofile-config-api-2.0.jar;C:\Users\locadmin\.m2\repository\io\smallrye\common\smallrye-common-expression\1.8.0\smallrye-common-expression-1.8.0.jar;C:\Users\locadmin\.m2\repository\io\smallrye\common\smallrye-common-function\1.8.0\smallrye-common-function-1.8.0.jar;C:\Users\locadmin\.m2\repository\io\smallrye\common\smallrye-common-constraint\1.8.0\smallrye-common-constraint-1.8.0.jar;C:\Users\locadmin\.m2\repository\io\smallrye\common\smallrye-common-classloader\1.8.0\smallrye-common-classloader-1.8.0.jar;C:\Users\locadmin\.m2\repository\io\smallrye\config\smallrye-config-common\2.6.0\smallrye-config-common-2.6.0.jar;C:\Users\locadmin\.m2\repository\org\jboss\logmanager\jboss-logmanager-embedded\1.0.9\jboss-logmanager-embedded-1.0.9.jar;C:\Users\locadmin\.m2\repository\org\jboss\logging\jboss-logging-annotations\2.2.1.Final\jboss-logging-annotations-2.2.1.Final.jar;C:\Users\locadmin\.m2\repository\org\jboss\threads\jboss-threads\3.4.2.Final\jboss-threads-3.4.2.Final.jar;C:\Users\locadmin\.m2\repository\org\slf4j\slf4j-api\1.7.30\slf4j-api-1.7.30.jar;C:\Users\locadmin\.m2\repository\org\jboss\slf4j\slf4j-jboss-logmanager\1.1.0.Final\slf4j-jboss-logmanager-1.1.0.Final.jar;C:\Users\locadmin\.m2\repository\org\graalvm\sdk\graal-sdk\21.3.0\graal-sdk-21.3.0.jar;C:\Users\locadmin\.m2\repository\org\wildfly\common\wildfly-common\1.5.4.Final-format-001\wildfly-common-1.5.4.Final-format-001.jar;C:\Users\locadmin\.m2\repository\io\quarkus\quarkus-bootstrap-runner\2.5.0.Final\quarkus-bootstrap-runner-2.5.0.Final.jar;C:\Users\locadmin\.m2\repository\org\eclipse\microprofile\context-propagation\microprofile-context-propagation-api\1.2\microprofile-context-propagation-api-1.2.jar;C:\Users\locadmin\.m2\repository\io\quarkus\quarkus-resteasy\2.5.0.Final\quarkus-resteasy-2.5.0.Final.jar;C:\Users\locadmin\.m2\repository\io\quarkus\quarkus-vertx-http\2.5.0.Final\quarkus-vertx-http-2.5.0.Final.jar;C:\Users\locadmin\.m2\repository\io\quarkus\quarkus-security-runtime-spi\2.5.0.Final\quarkus-security-runtime-spi-2.5.0.Final.jar;C:\Users\locadmin\.m2\repository\io\quarkus\quarkus-mutiny\2.5.0.Final\quarkus-mutiny-2.5.0.Final.jar;C:\Users\locadmin\.m2\repository\io\smallrye\reactive\mutiny\1.1.2\mutiny-1.1.2.jar;C:\Users\locadmin\.m2\repository\org\reactivestreams\reactive-streams\1.0.3\reactive-streams-1.0.3.jar;C:\Users\locadmin\.m2\repository\io\quarkus\quarkus-smallrye-context-propagation\2.5.0.Final\quarkus-smallrye-context-propagation-2.5.0.Final.jar;C:\Users\locadmin\.m2\repository\io\smallrye\smallrye-context-propagation\1.2.2\smallrye-context-propagation-1.2.2.jar;C:\Users\locadmin\.m2\repository\io\smallrye\smallrye-context-propagation-api\1.2.2\smallrye-context-propagation-api-1.2.2.jar;C:\Users\locadmin\.m2\repository\io\smallrye\smallrye-context-propagation-storage\1.2.2\smallrye-context-propagation-storage-1.2.2.jar;C:\Users\locadmin\.m2\repository\io\smallrye\reactive\mutiny-smallrye-context-propagation\1.1.2\mutiny-smallrye-context-propagation-1.1.2.jar;C:\Users\locadmin\.m2\repository\io\quarkus\quarkus-vertx-http-dev-console-runtime-spi\2.5.0.Final\quarkus-vertx-http-dev-console-runtime-spi-2.5.0.Final.jar;C:\Users\locadmin\.m2\repository\io\quarkus\security\quarkus-security\1.1.4.Final\quarkus-security-1.1.4.Final.jar;C:\Users\locadmin\.m2\repository\io\quarkus\quarkus-vertx\2.5.0.Final\quarkus-vertx-2.5.0.Final.jar;C:\Users\locadmin\.m2\repository\io\quarkus\quarkus-netty\2.5.0.Final\quarkus-netty-2.5.0.Final.jar;C:\Users\locadmin\.m2\repository\io\netty\netty-codec\4.1.69.Final\netty-codec-4.1.69.Final.jar;C:\Users\locadmin\.m2\repository\io\netty\netty-codec-http\4.1.69.Final\netty-codec-http-4.1.69.Final.jar;C:\Users\locadmin\.m2\repository\io\netty\netty-codec-http2\4.1.69.Final\netty-codec-http2-4.1.69.Final.jar;C:\Users\locadmin\.m2\repository\io\netty\netty-handler\4.1.69.Final\netty-handler-4.1.69.Final.jar;C:\Users\locadmin\.m2\repository\io\netty\netty-codec-haproxy\4.1.69.Final\netty-codec-haproxy-4.1.69.Final.jar;C:\Users\locadmin\.m2\repository\io\netty\netty-buffer\4.1.69.Final\netty-buffer-4.1.69.Final.jar;C:\Users\locadmin\.m2\repository\io\netty\netty-transport\4.1.69.Final\netty-transport-4.1.69.Final.jar;C:\Users\locadmin\.m2\repository\io\smallrye\common\smallrye-common-annotation\1.8.0\smallrye-common-annotation-1.8.0.jar;C:\Users\locadmin\.m2\repository\io\smallrye\reactive\smallrye-mutiny-vertx-core\2.15.1\smallrye-mutiny-vertx-core-2.15.1.jar;C:\Users\locadmin\.m2\repository\io\smallrye\reactive\smallrye-mutiny-vertx-runtime\2.15.1\smallrye-mutiny-vertx-runtime-2.15.1.jar;C:\Users\locadmin\.m2\repository\io\smallrye\reactive\vertx-mutiny-generator\2.15.1\vertx-mutiny-generator-2.15.1.jar;C:\Users\locadmin\.m2\repository\io\vertx\vertx-codegen\4.2.1\vertx-codegen-4.2.1.jar;C:\Users\locadmin\.m2\repository\io\smallrye\smallrye-fault-tolerance-vertx\5.2.1\smallrye-fault-tolerance-vertx-5.2.1.jar;C:\Users\locadmin\.m2\repository\io\smallrye\reactive\smallrye-mutiny-vertx-web\2.15.1\smallrye-mutiny-vertx-web-2.15.1.jar;C:\Users\locadmin\.m2\repository\io\smallrye\reactive\smallrye-mutiny-vertx-web-common\2.15.1\smallrye-mutiny-vertx-web-common-2.15.1.jar;C:\Users\locadmin\.m2\repository\io\smallrye\reactive\smallrye-mutiny-vertx-auth-common\2.15.1\smallrye-mutiny-vertx-auth-common-2.15.1.jar;C:\Users\locadmin\.m2\repository\io\smallrye\reactive\smallrye-mutiny-vertx-bridge-common\2.15.1\smallrye-mutiny-vertx-bridge-common-2.15.1.jar;C:\Users\locadmin\.m2\repository\io\vertx\vertx-web\4.2.1\vertx-web-4.2.1.jar;C:\Users\locadmin\.m2\repository\io\vertx\vertx-web-common\4.2.1\vertx-web-common-4.2.1.jar;C:\Users\locadmin\.m2\repository\io\vertx\vertx-auth-common\4.2.1\vertx-auth-common-4.2.1.jar;C:\Users\locadmin\.m2\repository\io\vertx\vertx-bridge-common\4.2.1\vertx-bridge-common-4.2.1.jar;C:\Users\locadmin\.m2\repository\io\vertx\vertx-core\4.2.1\vertx-core-4.2.1.jar;C:\Users\locadmin\.m2\repository\io\netty\netty-common\4.1.69.Final\netty-common-4.1.69.Final.jar;C:\Users\locadmin\.m2\repository\io\netty\netty-handler-proxy\4.1.69.Final\netty-handler-proxy-4.1.69.Final.jar;C:\Users\locadmin\.m2\repository\io\netty\netty-codec-socks\4.1.69.Final\netty-codec-socks-4.1.69.Final.jar;C:\Users\locadmin\.m2\repository\io\netty\netty-resolver\4.1.69.Final\netty-resolver-4.1.69.Final.jar;C:\Users\locadmin\.m2\repository\io\netty\netty-resolver-dns\4.1.69.Final\netty-resolver-dns-4.1.69.Final.jar;C:\Users\locadmin\.m2\repository\io\netty\netty-codec-dns\4.1.69.Final\netty-codec-dns-4.1.69.Final.jar;C:\Users\locadmin\.m2\repository\com\fasterxml\jackson\core\jackson-core\2.12.5\jackson-core-2.12.5.jar;C:\Users\locadmin\.m2\repository\io\quarkus\quarkus-resteasy-server-common\2.5.0.Final\quarkus-resteasy-server-common-2.5.0.Final.jar;C:\Users\locadmin\.m2\repository\io\quarkus\quarkus-resteasy-common\2.5.0.Final\quarkus-resteasy-common-2.5.0.Final.jar;C:\Users\locadmin\.m2\repository\org\jboss\resteasy\resteasy-core\4.7.3.Final\resteasy-core-4.7.3.Final.jar;C:\Users\locadmin\.m2\repository\org\jboss\spec\javax\ws\rs\jboss-jaxrs-api_2.1_spec\2.0.1.Final\jboss-jaxrs-api_2.1_spec-2.0.1.Final.jar;C:\Users\locadmin\.m2\repository\org\jboss\spec\javax\xml\bind\jboss-jaxb-api_2.3_spec\2.0.0.Final\jboss-jaxb-api_2.3_spec-2.0.0.Final.jar;C:\Users\locadmin\.m2\repository\org\jboss\resteasy\resteasy-core-spi\4.7.3.Final\resteasy-core-spi-4.7.3.Final.jar;C:\Users\locadmin\.m2\repository\com\ibm\async\asyncutil\0.1.0\asyncutil-0.1.0.jar;C:\Users\locadmin\.m2\repository\com\sun\activation\jakarta.activation\1.2.1\jakarta.activation-1.2.1.jar;C:\Users\locadmin\.m2\repository\jakarta\validation\jakarta.validation-api\2.0.2\jakarta.validation-api-2.0.2.jar;C:\Users\locadmin\.m2\repository\io\quarkus\quarkus-junit5\2.5.0.Final\quarkus-junit5-2.5.0.Final.jar;C:\Users\locadmin\.m2\repository\io\quarkus\quarkus-bootstrap-core\2.5.0.Final\quarkus-bootstrap-core-2.5.0.Final.jar;C:\Users\locadmin\.m2\repository\io\quarkus\quarkus-bootstrap-app-model\2.5.0.Final\quarkus-bootstrap-app-model-2.5.0.Final.jar;C:\Users\locadmin\.m2\repository\io\quarkus\quarkus-bootstrap-maven-resolver\2.5.0.Final\quarkus-bootstrap-maven-resolver-2.5.0.Final.jar;C:\Users\locadmin\.m2\repository\org\apache\maven\maven-embedder\3.8.1\maven-embedder-3.8.1.jar;C:\Users\locadmin\.m2\repository\org\apache\maven\maven-settings\3.8.1\maven-settings-3.8.1.jar;C:\Users\locadmin\.m2\repository\org\apache\maven\maven-core\3.8.1\maven-core-3.8.1.jar;C:\Users\locadmin\.m2\repository\org\apache\maven\maven-artifact\3.8.1\maven-artifact-3.8.1.jar;C:\Users\locadmin\.m2\repository\org\codehaus\plexus\plexus-component-annotations\2.1.0\plexus-component-annotations-2.1.0.jar;C:\Users\locadmin\.m2\repository\org\apache\maven\maven-plugin-api\3.8.1\maven-plugin-api-3.8.1.jar;C:\Users\locadmin\.m2\repository\org\apache\maven\maven-model\3.8.1\maven-model-3.8.1.jar;C:\Users\locadmin\.m2\repository\org\apache\maven\maven-model-builder\3.8.1\maven-model-builder-3.8.1.jar;C:\Users\locadmin\.m2\repository\org\apache\maven\maven-builder-support\3.8.1\maven-builder-support-3.8.1.jar;C:\Users\locadmin\.m2\repository\org\apache\maven\resolver\maven-resolver-api\1.6.2\maven-resolver-api-1.6.2.jar;C:\Users\locadmin\.m2\repository\org\apache\maven\resolver\maven-resolver-util\1.6.2\maven-resolver-util-1.6.2.jar;C:\Users\locadmin\.m2\repository\org\apache\maven\shared\maven-shared-utils\3.3.3\maven-shared-utils-3.3.3.jar;C:\Users\locadmin\.m2\repository\commons-io\commons-io\2.11.0\commons-io-2.11.0.jar;C:\Users\locadmin\.m2\repository\com\google\inject\guice\4.2.1\guice-4.2.1-no_aop.jar;C:\Users\locadmin\.m2\repository\org\codehaus\plexus\plexus-utils\3.2.1\plexus-utils-3.2.1.jar;C:\Users\locadmin\.m2\repository\org\codehaus\plexus\plexus-classworlds\2.6.0\plexus-classworlds-2.6.0.jar;C:\Users\locadmin\.m2\repository\commons-cli\commons-cli\1.4\commons-cli-1.4.jar;C:\Users\locadmin\.m2\repository\org\eclipse\sisu\org.eclipse.sisu.plexus\0.3.4\org.eclipse.sisu.plexus-0.3.4.jar;C:\Users\locadmin\.m2\repository\org\apache\maven\maven-settings-builder\3.8.1\maven-settings-builder-3.8.1.jar;C:\Users\locadmin\.m2\repository\org\codehaus\plexus\plexus-interpolation\1.25\plexus-interpolation-1.25.jar;C:\Users\locadmin\.m2\repository\org\sonatype\plexus\plexus-sec-dispatcher\1.4\plexus-sec-dispatcher-1.4.jar;C:\Users\locadmin\.m2\repository\org\sonatype\plexus\plexus-cipher\1.4\plexus-cipher-1.4.jar;C:\Users\locadmin\.m2\repository\org\apache\maven\maven-resolver-provider\3.8.1\maven-resolver-provider-3.8.1.jar;C:\Users\locadmin\.m2\repository\org\apache\maven\maven-repository-metadata\3.8.1\maven-repository-metadata-3.8.1.jar;C:\Users\locadmin\.m2\repository\org\apache\maven\resolver\maven-resolver-spi\1.6.2\maven-resolver-spi-1.6.2.jar;C:\Users\locadmin\.m2\repository\org\apache\maven\resolver\maven-resolver-impl\1.6.2\maven-resolver-impl-1.6.2.jar;C:\Users\locadmin\.m2\repository\org\apache\maven\resolver\maven-resolver-connector-basic\1.6.2\maven-resolver-connector-basic-1.6.2.jar;C:\Users\locadmin\.m2\repository\org\apache\maven\resolver\maven-resolver-transport-wagon\1.6.2\maven-resolver-transport-wagon-1.6.2.jar;C:\Users\locadmin\.m2\repository\org\apache\maven\wagon\wagon-http\3.4.3\wagon-http-3.4.3.jar;C:\Users\locadmin\.m2\repository\org\apache\maven\wagon\wagon-http-shared\3.4.3\wagon-http-shared-3.4.3.jar;C:\Users\locadmin\.m2\repository\org\jsoup\jsoup\1.14.2\jsoup-1.14.2.jar;C:\Users\locadmin\.m2\repository\org\apache\maven\wagon\wagon-provider-api\3.4.3\wagon-provider-api-3.4.3.jar;C:\Users\locadmin\.m2\repository\org\apache\maven\wagon\wagon-file\3.4.3\wagon-file-3.4.3.jar;C:\Users\locadmin\.m2\repository\io\quarkus\quarkus-bootstrap-gradle-resolver\2.5.0.Final\quarkus-bootstrap-gradle-resolver-2.5.0.Final.jar;C:\Users\locadmin\.m2\repository\io\smallrye\common\smallrye-common-io\1.8.0\smallrye-common-io-1.8.0.jar;C:\Users\locadmin\.m2\repository\org\eclipse\sisu\org.eclipse.sisu.inject\0.3.4\org.eclipse.sisu.inject-0.3.4.jar;C:\Users\locadmin\.m2\repository\io\quarkus\quarkus-test-common\2.5.0.Final\quarkus-test-common-2.5.0.Final.jar;C:\Users\locadmin\.m2\repository\io\quarkus\quarkus-core-deployment\2.5.0.Final\quarkus-core-deployment-2.5.0.Final.jar;C:\Users\locadmin\.m2\repository\org\aesh\readline\2.1\readline-2.1.jar;C:\Users\locadmin\.m2\repository\org\fusesource\jansi\jansi\1.18\jansi-1.18.jar;C:\Users\locadmin\.m2\repository\io\quarkus\gizmo\gizmo\1.0.9.Final\gizmo-1.0.9.Final.jar;C:\Users\locadmin\.m2\repository\org\ow2\asm\asm-util\9.1\asm-util-9.1.jar;C:\Users\locadmin\.m2\repository\org\ow2\asm\asm\9.2\asm-9.2.jar;C:\Users\locadmin\.m2\repository\org\ow2\asm\asm-commons\9.2\asm-commons-9.2.jar;C:\Users\locadmin\.m2\repository\org\ow2\asm\asm-tree\9.2\asm-tree-9.2.jar;C:\Users\locadmin\.m2\repository\org\ow2\asm\asm-analysis\9.2\asm-analysis-9.2.jar;C:\Users\locadmin\.m2\repository\io\quarkus\quarkus-class-change-agent\2.5.0.Final\quarkus-class-change-agent-2.5.0.Final.jar;C:\Users\locadmin\.m2\repository\io\quarkus\quarkus-devtools-utilities\2.5.0.Final\quarkus-devtools-utilities-2.5.0.Final.jar;C:\Users\locadmin\.m2\repository\io\quarkus\quarkus-builder\2.5.0.Final\quarkus-builder-2.5.0.Final.jar;C:\Users\locadmin\.m2\repository\org\junit\platform\junit-platform-launcher\1.8.1\junit-platform-launcher-1.8.1.jar;C:\Users\locadmin\.m2\repository\io\quarkus\quarkus-jsonp-deployment\2.5.0.Final\quarkus-jsonp-deployment-2.5.0.Final.jar;C:\Users\locadmin\.m2\repository\io\quarkus\quarkus-jsonp\2.5.0.Final\quarkus-jsonp-2.5.0.Final.jar;C:\Users\locadmin\.m2\repository\org\glassfish\jakarta.json\1.1.6\jakarta.json-1.1.6.jar;C:\Users\locadmin\.m2\repository\org\jboss\jandex\2.4.1.Final\jandex-2.4.1.Final.jar;C:\Users\locadmin\.m2\repository\org\jboss\logging\commons-logging-jboss-logging\1.0.0.Final\commons-logging-jboss-logging-1.0.0.Final.jar;C:\Users\locadmin\.m2\repository\org\junit\jupiter\junit-jupiter\5.8.1\junit-jupiter-5.8.1.jar;C:\Users\locadmin\.m2\repository\org\junit\jupiter\junit-jupiter-api\5.8.1\junit-jupiter-api-5.8.1.jar;C:\Users\locadmin\.m2\repository\org\opentest4j\opentest4j\1.2.0\opentest4j-1.2.0.jar;C:\Users\locadmin\.m2\repository\org\junit\platform\junit-platform-commons\1.8.1\junit-platform-commons-1.8.1.jar;C:\Users\locadmin\.m2\repository\org\apiguardian\apiguardian-api\1.1.2\apiguardian-api-1.1.2.jar;C:\Users\locadmin\.m2\repository\org\junit\jupiter\junit-jupiter-params\5.8.1\junit-jupiter-params-5.8.1.jar;C:\Users\locadmin\.m2\repository\org\junit\jupiter\junit-jupiter-engine\5.8.1\junit-jupiter-engine-5.8.1.jar;C:\Users\locadmin\.m2\repository\org\junit\platform\junit-platform-engine\1.8.1\junit-platform-engine-1.8.1.jar;C:\Users\locadmin\.m2\repository\com\thoughtworks\xstream\xstream\1.4.18\xstream-1.4.18.jar;C:\Users\locadmin\.m2\repository\io\github\x-stream\mxparser\1.2.2\mxparser-1.2.2.jar;C:\Users\locadmin\.m2\repository\xmlpull\xmlpull\1.1.3.1\xmlpull-1.1.3.1.jar;C:\Users\locadmin\.m2\repository\io\rest-assured\rest-assured\4.4.0\rest-assured-4.4.0.jar;C:\Users\locadmin\.m2\repository\org\codehaus\groovy\groovy\3.0.8\groovy-3.0.8.jar;C:\Users\locadmin\.m2\repository\org\codehaus\groovy\groovy-xml\3.0.8\groovy-xml-3.0.8.jar;C:\Users\locadmin\.m2\repository\org\apache\httpcomponents\httpclient\4.5.13\httpclient-4.5.13.jar;C:\Users\locadmin\.m2\repository\org\apache\httpcomponents\httpcore\4.4.14\httpcore-4.4.14.jar;C:\Users\locadmin\.m2\repository\commons-codec\commons-codec\1.15\commons-codec-1.15.jar;C:\Users\locadmin\.m2\repository\org\apache\httpcomponents\httpmime\4.5.13\httpmime-4.5.13.jar;C:\Users\locadmin\.m2\repository\org\hamcrest\hamcrest\2.1\hamcrest-2.1.jar;C:\Users\locadmin\.m2\repository\org\ccil\cowan\tagsoup\tagsoup\1.2.1\tagsoup-1.2.1.jar;C:\Users\locadmin\.m2\repository\io\rest-assured\json-path\4.4.0\json-path-4.4.0.jar;C:\Users\locadmin\.m2\repository\org\codehaus\groovy\groovy-json\3.0.8\groovy-json-3.0.8.jar;C:\Users\locadmin\.m2\repository\io\rest-assured\rest-assured-common\4.4.0\rest-assured-common-4.4.0.jar;C:\Users\locadmin\.m2\repository\io\rest-assured\xml-path\4.4.0\xml-path-4.4.0.jar;C:\Users\locadmin\.m2\repository\org\apache\commons\commons-lang3\3.12.0\commons-lang3-3.12.0.jar;C:\Users\locadmin\.m2\repository\jakarta\xml\bind\jakarta.xml.bind-api\2.3.3\jakarta.xml.bind-api-2.3.3.jar;C:\Users\locadmin\.m2\repository\com\sun\xml\bind\jaxb-impl\2.3.3\jaxb-impl-2.3.3.jar;C:\Users\locadmin\.m2\repository\io\grpc\grpc-netty-shaded\1.42.1\grpc-netty-shaded-1.42.1.jar;C:\Users\locadmin\.m2\repository\com\google\guava\guava\30.1.1-jre\guava-30.1.1-jre.jar;C:\Users\locadmin\.m2\repository\com\google\guava\failureaccess\1.0.1\failureaccess-1.0.1.jar;C:\Users\locadmin\.m2\repository\com\google\guava\listenablefuture\9999.0-empty-to-avoid-conflict-with-guava\listenablefuture-9999.0-empty-to-avoid-conflict-with-guava.jar;C:\Users\locadmin\.m2\repository\org\checkerframework\checker-qual\2.5.2\checker-qual-2.5.2.jar;C:\Users\locadmin\.m2\repository\com\google\j2objc\j2objc-annotations\1.3\j2objc-annotations-1.3.jar;C:\Users\locadmin\.m2\repository\com\google\errorprone\error_prone_annotations\2.2.0\error_prone_annotations-2.2.0.jar;C:\Users\locadmin\.m2\repository\io\perfmark\perfmark-api\0.23.0\perfmark-api-0.23.0.jar;C:\Users\locadmin\.m2\repository\io\grpc\grpc-core\1.42.1\grpc-core-1.42.1.jar;C:\Users\locadmin\.m2\repository\com\google\code\gson\gson\2.8.6\gson-2.8.6.jar;C:\Users\locadmin\.m2\repository\com\google\android\annotations\4.1.1.4\annotations-4.1.1.4.jar;C:\Users\locadmin\.m2\repository\org\codehaus\mojo\animal-sniffer-annotations\1.19\animal-sniffer-annotations-1.19.jar;C:\Users\locadmin\.m2\repository\io\grpc\grpc-protobuf\1.42.1\grpc-protobuf-1.42.1.jar;C:\Users\locadmin\.m2\repository\com\google\code\findbugs\jsr305\3.0.2\jsr305-3.0.2.jar;C:\Users\locadmin\.m2\repository\com\google\protobuf\protobuf-java\3.19.1\protobuf-java-3.19.1.jar;C:\Users\locadmin\.m2\repository\com\google\api\grpc\proto-google-common-protos\2.0.1\proto-google-common-protos-2.0.1.jar;C:\Users\locadmin\.m2\repository\io\grpc\grpc-protobuf-lite\1.42.1\grpc-protobuf-lite-1.42.1.jar;C:\Users\locadmin\.m2\repository\io\grpc\grpc-stub\1.42.1\grpc-stub-1.42.1.jar;C:\Users\locadmin\.m2\repository\org\apache\tomcat\annotations-api\6.0.53\annotations-api-6.0.53.jar;C:\Users\locadmin\.m2\repository\io\grpc\grpc-api\1.42.1\grpc-api-1.42.1.jar;C:\Users\locadmin\.m2\repository\io\grpc\grpc-context\1.42.1\grpc-context-1.42.1.jar;"/>
    <property name="java.vm.vendor" value="Oracle Corporation"/>
    <property name="sun.arch.data.model" value="64"/>
    <property name="user.variant" value=""/>
    <property name="java.vendor.url" value="https://openjdk.java.net/"/>
    <property name="user.timezone" value="Asia/Karachi"/>
    <property name="java.vm.specification.version" value="11"/>
    <property name="os.name" value="Windows 10"/>
    <property name="sun.java.launcher" value="SUN_STANDARD"/>
    <property name="user.country" value="US"/>
    <property name="sun.boot.library.path" value="C:\Program Files\Java\jdk-11.0.12\bin"/>
    <property name="sun.java.command" value="C:\Users\locadmin\AppData\Local\Temp\surefire18194595069316322076\surefirebooter13783635291625487166.jar C:\Users\locadmin\AppData\Local\Temp\surefire18194595069316322076 2021-12-03T15-36-41_320-jvmRun1 surefire18122207273923376710tmp surefire_0315595357694772743tmp"/>
    <property name="jdk.debug" value="release"/>
    <property name="maven.home" value="C:\Program Files\JetBrains\IntelliJ IDEA Community Edition 2021.2.2\plugins\maven\lib\maven3"/>
    <property name="surefire.test.class.path" value="D:\Atta\projects\Openshift\code-with-quarkus-client\target\test-classes;D:\Atta\projects\Openshift\code-with-quarkus-client\target\classes;C:\Users\locadmin\.m2\repository\io\quarkus\quarkus-arc\2.5.0.Final\quarkus-arc-2.5.0.Final.jar;C:\Users\locadmin\.m2\repository\io\quarkus\arc\arc\2.5.0.Final\arc-2.5.0.Final.jar;C:\Users\locadmin\.m2\repository\jakarta\enterprise\jakarta.enterprise.cdi-api\2.0.2\jakarta.enterprise.cdi-api-2.0.2.jar;C:\Users\locadmin\.m2\repository\jakarta\el\jakarta.el-api\3.0.3\jakarta.el-api-3.0.3.jar;C:\Users\locadmin\.m2\repository\jakarta\interceptor\jakarta.interceptor-api\1.2.5\jakarta.interceptor-api-1.2.5.jar;C:\Users\locadmin\.m2\repository\jakarta\annotation\jakarta.annotation-api\1.3.5\jakarta.annotation-api-1.3.5.jar;C:\Users\locadmin\.m2\repository\jakarta\transaction\jakarta.transaction-api\1.3.3\jakarta.transaction-api-1.3.3.jar;C:\Users\locadmin\.m2\repository\org\jboss\logging\jboss-logging\3.4.2.Final\jboss-logging-3.4.2.Final.jar;C:\Users\locadmin\.m2\repository\io\quarkus\quarkus-core\2.5.0.Final\quarkus-core-2.5.0.Final.jar;C:\Users\locadmin\.m2\repository\jakarta\inject\jakarta.inject-api\1.0\jakarta.inject-api-1.0.jar;C:\Users\locadmin\.m2\repository\io\quarkus\quarkus-ide-launcher\2.5.0.Final\quarkus-ide-launcher-2.5.0.Final.jar;C:\Users\locadmin\.m2\repository\io\quarkus\quarkus-development-mode-spi\2.5.0.Final\quarkus-development-mode-spi-2.5.0.Final.jar;C:\Users\locadmin\.m2\repository\io\smallrye\config\smallrye-config\2.6.0\smallrye-config-2.6.0.jar;C:\Users\locadmin\.m2\repository\io\smallrye\config\smallrye-config-core\2.6.0\smallrye-config-core-2.6.0.jar;C:\Users\locadmin\.m2\repository\org\eclipse\microprofile\config\microprofile-config-api\2.0\microprofile-config-api-2.0.jar;C:\Users\locadmin\.m2\repository\io\smallrye\common\smallrye-common-expression\1.8.0\smallrye-common-expression-1.8.0.jar;C:\Users\locadmin\.m2\repository\io\smallrye\common\smallrye-common-function\1.8.0\smallrye-common-function-1.8.0.jar;C:\Users\locadmin\.m2\repository\io\smallrye\common\smallrye-common-constraint\1.8.0\smallrye-common-constraint-1.8.0.jar;C:\Users\locadmin\.m2\repository\io\smallrye\common\smallrye-common-classloader\1.8.0\smallrye-common-classloader-1.8.0.jar;C:\Users\locadmin\.m2\repository\io\smallrye\config\smallrye-config-common\2.6.0\smallrye-config-common-2.6.0.jar;C:\Users\locadmin\.m2\repository\org\jboss\logmanager\jboss-logmanager-embedded\1.0.9\jboss-logmanager-embedded-1.0.9.jar;C:\Users\locadmin\.m2\repository\org\jboss\logging\jboss-logging-annotations\2.2.1.Final\jboss-logging-annotations-2.2.1.Final.jar;C:\Users\locadmin\.m2\repository\org\jboss\threads\jboss-threads\3.4.2.Final\jboss-threads-3.4.2.Final.jar;C:\Users\locadmin\.m2\repository\org\slf4j\slf4j-api\1.7.30\slf4j-api-1.7.30.jar;C:\Users\locadmin\.m2\repository\org\jboss\slf4j\slf4j-jboss-logmanager\1.1.0.Final\slf4j-jboss-logmanager-1.1.0.Final.jar;C:\Users\locadmin\.m2\repository\org\graalvm\sdk\graal-sdk\21.3.0\graal-sdk-21.3.0.jar;C:\Users\locadmin\.m2\repository\org\wildfly\common\wildfly-common\1.5.4.Final-format-001\wildfly-common-1.5.4.Final-format-001.jar;C:\Users\locadmin\.m2\repository\io\quarkus\quarkus-bootstrap-runner\2.5.0.Final\quarkus-bootstrap-runner-2.5.0.Final.jar;C:\Users\locadmin\.m2\repository\org\eclipse\microprofile\context-propagation\microprofile-context-propagation-api\1.2\microprofile-context-propagation-api-1.2.jar;C:\Users\locadmin\.m2\repository\io\quarkus\quarkus-resteasy\2.5.0.Final\quarkus-resteasy-2.5.0.Final.jar;C:\Users\locadmin\.m2\repository\io\quarkus\quarkus-vertx-http\2.5.0.Final\quarkus-vertx-http-2.5.0.Final.jar;C:\Users\locadmin\.m2\repository\io\quarkus\quarkus-security-runtime-spi\2.5.0.Final\quarkus-security-runtime-spi-2.5.0.Final.jar;C:\Users\locadmin\.m2\repository\io\quarkus\quarkus-mutiny\2.5.0.Final\quarkus-mutiny-2.5.0.Final.jar;C:\Users\locadmin\.m2\repository\io\smallrye\reactive\mutiny\1.1.2\mutiny-1.1.2.jar;C:\Users\locadmin\.m2\repository\org\reactivestreams\reactive-streams\1.0.3\reactive-streams-1.0.3.jar;C:\Users\locadmin\.m2\repository\io\quarkus\quarkus-smallrye-context-propagation\2.5.0.Final\quarkus-smallrye-context-propagation-2.5.0.Final.jar;C:\Users\locadmin\.m2\repository\io\smallrye\smallrye-context-propagation\1.2.2\smallrye-context-propagation-1.2.2.jar;C:\Users\locadmin\.m2\repository\io\smallrye\smallrye-context-propagation-api\1.2.2\smallrye-context-propagation-api-1.2.2.jar;C:\Users\locadmin\.m2\repository\io\smallrye\smallrye-context-propagation-storage\1.2.2\smallrye-context-propagation-storage-1.2.2.jar;C:\Users\locadmin\.m2\repository\io\smallrye\reactive\mutiny-smallrye-context-propagation\1.1.2\mutiny-smallrye-context-propagation-1.1.2.jar;C:\Users\locadmin\.m2\repository\io\quarkus\quarkus-vertx-http-dev-console-runtime-spi\2.5.0.Final\quarkus-vertx-http-dev-console-runtime-spi-2.5.0.Final.jar;C:\Users\locadmin\.m2\repository\io\quarkus\security\quarkus-security\1.1.4.Final\quarkus-security-1.1.4.Final.jar;C:\Users\locadmin\.m2\repository\io\quarkus\quarkus-vertx\2.5.0.Final\quarkus-vertx-2.5.0.Final.jar;C:\Users\locadmin\.m2\repository\io\quarkus\quarkus-netty\2.5.0.Final\quarkus-netty-2.5.0.Final.jar;C:\Users\locadmin\.m2\repository\io\netty\netty-codec\4.1.69.Final\netty-codec-4.1.69.Final.jar;C:\Users\locadmin\.m2\repository\io\netty\netty-codec-http\4.1.69.Final\netty-codec-http-4.1.69.Final.jar;C:\Users\locadmin\.m2\repository\io\netty\netty-codec-http2\4.1.69.Final\netty-codec-http2-4.1.69.Final.jar;C:\Users\locadmin\.m2\repository\io\netty\netty-handler\4.1.69.Final\netty-handler-4.1.69.Final.jar;C:\Users\locadmin\.m2\repository\io\netty\netty-codec-haproxy\4.1.69.Final\netty-codec-haproxy-4.1.69.Final.jar;C:\Users\locadmin\.m2\repository\io\netty\netty-buffer\4.1.69.Final\netty-buffer-4.1.69.Final.jar;C:\Users\locadmin\.m2\repository\io\netty\netty-transport\4.1.69.Final\netty-transport-4.1.69.Final.jar;C:\Users\locadmin\.m2\repository\io\smallrye\common\smallrye-common-annotation\1.8.0\smallrye-common-annotation-1.8.0.jar;C:\Users\locadmin\.m2\repository\io\smallrye\reactive\smallrye-mutiny-vertx-core\2.15.1\smallrye-mutiny-vertx-core-2.15.1.jar;C:\Users\locadmin\.m2\repository\io\smallrye\reactive\smallrye-mutiny-vertx-runtime\2.15.1\smallrye-mutiny-vertx-runtime-2.15.1.jar;C:\Users\locadmin\.m2\repository\io\smallrye\reactive\vertx-mutiny-generator\2.15.1\vertx-mutiny-generator-2.15.1.jar;C:\Users\locadmin\.m2\repository\io\vertx\vertx-codegen\4.2.1\vertx-codegen-4.2.1.jar;C:\Users\locadmin\.m2\repository\io\smallrye\smallrye-fault-tolerance-vertx\5.2.1\smallrye-fault-tolerance-vertx-5.2.1.jar;C:\Users\locadmin\.m2\repository\io\smallrye\reactive\smallrye-mutiny-vertx-web\2.15.1\smallrye-mutiny-vertx-web-2.15.1.jar;C:\Users\locadmin\.m2\repository\io\smallrye\reactive\smallrye-mutiny-vertx-web-common\2.15.1\smallrye-mutiny-vertx-web-common-2.15.1.jar;C:\Users\locadmin\.m2\repository\io\smallrye\reactive\smallrye-mutiny-vertx-auth-common\2.15.1\smallrye-mutiny-vertx-auth-common-2.15.1.jar;C:\Users\locadmin\.m2\repository\io\smallrye\reactive\smallrye-mutiny-vertx-bridge-common\2.15.1\smallrye-mutiny-vertx-bridge-common-2.15.1.jar;C:\Users\locadmin\.m2\repository\io\vertx\vertx-web\4.2.1\vertx-web-4.2.1.jar;C:\Users\locadmin\.m2\repository\io\vertx\vertx-web-common\4.2.1\vertx-web-common-4.2.1.jar;C:\Users\locadmin\.m2\repository\io\vertx\vertx-auth-common\4.2.1\vertx-auth-common-4.2.1.jar;C:\Users\locadmin\.m2\repository\io\vertx\vertx-bridge-common\4.2.1\vertx-bridge-common-4.2.1.jar;C:\Users\locadmin\.m2\repository\io\vertx\vertx-core\4.2.1\vertx-core-4.2.1.jar;C:\Users\locadmin\.m2\repository\io\netty\netty-common\4.1.69.Final\netty-common-4.1.69.Final.jar;C:\Users\locadmin\.m2\repository\io\netty\netty-handler-proxy\4.1.69.Final\netty-handler-proxy-4.1.69.Final.jar;C:\Users\locadmin\.m2\repository\io\netty\netty-codec-socks\4.1.69.Final\netty-codec-socks-4.1.69.Final.jar;C:\Users\locadmin\.m2\repository\io\netty\netty-resolver\4.1.69.Final\netty-resolver-4.1.69.Final.jar;C:\Users\locadmin\.m2\repository\io\netty\netty-resolver-dns\4.1.69.Final\netty-resolver-dns-4.1.69.Final.jar;C:\Users\locadmin\.m2\repository\io\netty\netty-codec-dns\4.1.69.Final\netty-codec-dns-4.1.69.Final.jar;C:\Users\locadmin\.m2\repository\com\fasterxml\jackson\core\jackson-core\2.12.5\jackson-core-2.12.5.jar;C:\Users\locadmin\.m2\repository\io\quarkus\quarkus-resteasy-server-common\2.5.0.Final\quarkus-resteasy-server-common-2.5.0.Final.jar;C:\Users\locadmin\.m2\repository\io\quarkus\quarkus-resteasy-common\2.5.0.Final\quarkus-resteasy-common-2.5.0.Final.jar;C:\Users\locadmin\.m2\repository\org\jboss\resteasy\resteasy-core\4.7.3.Final\resteasy-core-4.7.3.Final.jar;C:\Users\locadmin\.m2\repository\org\jboss\spec\javax\ws\rs\jboss-jaxrs-api_2.1_spec\2.0.1.Final\jboss-jaxrs-api_2.1_spec-2.0.1.Final.jar;C:\Users\locadmin\.m2\repository\org\jboss\spec\javax\xml\bind\jboss-jaxb-api_2.3_spec\2.0.0.Final\jboss-jaxb-api_2.3_spec-2.0.0.Final.jar;C:\Users\locadmin\.m2\repository\org\jboss\resteasy\resteasy-core-spi\4.7.3.Final\resteasy-core-spi-4.7.3.Final.jar;C:\Users\locadmin\.m2\repository\com\ibm\async\asyncutil\0.1.0\asyncutil-0.1.0.jar;C:\Users\locadmin\.m2\repository\com\sun\activation\jakarta.activation\1.2.1\jakarta.activation-1.2.1.jar;C:\Users\locadmin\.m2\repository\jakarta\validation\jakarta.validation-api\2.0.2\jakarta.validation-api-2.0.2.jar;C:\Users\locadmin\.m2\repository\io\quarkus\quarkus-junit5\2.5.0.Final\quarkus-junit5-2.5.0.Final.jar;C:\Users\locadmin\.m2\repository\io\quarkus\quarkus-bootstrap-core\2.5.0.Final\quarkus-bootstrap-core-2.5.0.Final.jar;C:\Users\locadmin\.m2\repository\io\quarkus\quarkus-bootstrap-app-model\2.5.0.Final\quarkus-bootstrap-app-model-2.5.0.Final.jar;C:\Users\locadmin\.m2\repository\io\quarkus\quarkus-bootstrap-maven-resolver\2.5.0.Final\quarkus-bootstrap-maven-resolver-2.5.0.Final.jar;C:\Users\locadmin\.m2\repository\org\apache\maven\maven-embedder\3.8.1\maven-embedder-3.8.1.jar;C:\Users\locadmin\.m2\repository\org\apache\maven\maven-settings\3.8.1\maven-settings-3.8.1.jar;C:\Users\locadmin\.m2\repository\org\apache\maven\maven-core\3.8.1\maven-core-3.8.1.jar;C:\Users\locadmin\.m2\repository\org\apache\maven\maven-artifact\3.8.1\maven-artifact-3.8.1.jar;C:\Users\locadmin\.m2\repository\org\codehaus\plexus\plexus-component-annotations\2.1.0\plexus-component-annotations-2.1.0.jar;C:\Users\locadmin\.m2\repository\org\apache\maven\maven-plugin-api\3.8.1\maven-plugin-api-3.8.1.jar;C:\Users\locadmin\.m2\repository\org\apache\maven\maven-model\3.8.1\maven-model-3.8.1.jar;C:\Users\locadmin\.m2\repository\org\apache\maven\maven-model-builder\3.8.1\maven-model-builder-3.8.1.jar;C:\Users\locadmin\.m2\repository\org\apache\maven\maven-builder-support\3.8.1\maven-builder-support-3.8.1.jar;C:\Users\locadmin\.m2\repository\org\apache\maven\resolver\maven-resolver-api\1.6.2\maven-resolver-api-1.6.2.jar;C:\Users\locadmin\.m2\repository\org\apache\maven\resolver\maven-resolver-util\1.6.2\maven-resolver-util-1.6.2.jar;C:\Users\locadmin\.m2\repository\org\apache\maven\shared\maven-shared-utils\3.3.3\maven-shared-utils-3.3.3.jar;C:\Users\locadmin\.m2\repository\commons-io\commons-io\2.11.0\commons-io-2.11.0.jar;C:\Users\locadmin\.m2\repository\com\google\inject\guice\4.2.1\guice-4.2.1-no_aop.jar;C:\Users\locadmin\.m2\repository\org\codehaus\plexus\plexus-utils\3.2.1\plexus-utils-3.2.1.jar;C:\Users\locadmin\.m2\repository\org\codehaus\plexus\plexus-classworlds\2.6.0\plexus-classworlds-2.6.0.jar;C:\Users\locadmin\.m2\repository\commons-cli\commons-cli\1.4\commons-cli-1.4.jar;C:\Users\locadmin\.m2\repository\org\eclipse\sisu\org.eclipse.sisu.plexus\0.3.4\org.eclipse.sisu.plexus-0.3.4.jar;C:\Users\locadmin\.m2\repository\org\apache\maven\maven-settings-builder\3.8.1\maven-settings-builder-3.8.1.jar;C:\Users\locadmin\.m2\repository\org\codehaus\plexus\plexus-interpolation\1.25\plexus-interpolation-1.25.jar;C:\Users\locadmin\.m2\repository\org\sonatype\plexus\plexus-sec-dispatcher\1.4\plexus-sec-dispatcher-1.4.jar;C:\Users\locadmin\.m2\repository\org\sonatype\plexus\plexus-cipher\1.4\plexus-cipher-1.4.jar;C:\Users\locadmin\.m2\repository\org\apache\maven\maven-resolver-provider\3.8.1\maven-resolver-provider-3.8.1.jar;C:\Users\locadmin\.m2\repository\org\apache\maven\maven-repository-metadata\3.8.1\maven-repository-metadata-3.8.1.jar;C:\Users\locadmin\.m2\repository\org\apache\maven\resolver\maven-resolver-spi\1.6.2\maven-resolver-spi-1.6.2.jar;C:\Users\locadmin\.m2\repository\org\apache\maven\resolver\maven-resolver-impl\1.6.2\maven-resolver-impl-1.6.2.jar;C:\Users\locadmin\.m2\repository\org\apache\maven\resolver\maven-resolver-connector-basic\1.6.2\maven-resolver-connector-basic-1.6.2.jar;C:\Users\locadmin\.m2\repository\org\apache\maven\resolver\maven-resolver-transport-wagon\1.6.2\maven-resolver-transport-wagon-1.6.2.jar;C:\Users\locadmin\.m2\repository\org\apache\maven\wagon\wagon-http\3.4.3\wagon-http-3.4.3.jar;C:\Users\locadmin\.m2\repository\org\apache\maven\wagon\wagon-http-shared\3.4.3\wagon-http-shared-3.4.3.jar;C:\Users\locadmin\.m2\repository\org\jsoup\jsoup\1.14.2\jsoup-1.14.2.jar;C:\Users\locadmin\.m2\repository\org\apache\maven\wagon\wagon-provider-api\3.4.3\wagon-provider-api-3.4.3.jar;C:\Users\locadmin\.m2\repository\org\apache\maven\wagon\wagon-file\3.4.3\wagon-file-3.4.3.jar;C:\Users\locadmin\.m2\repository\io\quarkus\quarkus-bootstrap-gradle-resolver\2.5.0.Final\quarkus-bootstrap-gradle-resolver-2.5.0.Final.jar;C:\Users\locadmin\.m2\repository\io\smallrye\common\smallrye-common-io\1.8.0\smallrye-common-io-1.8.0.jar;C:\Users\locadmin\.m2\repository\org\eclipse\sisu\org.eclipse.sisu.inject\0.3.4\org.eclipse.sisu.inject-0.3.4.jar;C:\Users\locadmin\.m2\repository\io\quarkus\quarkus-test-common\2.5.0.Final\quarkus-test-common-2.5.0.Final.jar;C:\Users\locadmin\.m2\repository\io\quarkus\quarkus-core-deployment\2.5.0.Final\quarkus-core-deployment-2.5.0.Final.jar;C:\Users\locadmin\.m2\repository\org\aesh\readline\2.1\readline-2.1.jar;C:\Users\locadmin\.m2\repository\org\fusesource\jansi\jansi\1.18\jansi-1.18.jar;C:\Users\locadmin\.m2\repository\io\quarkus\gizmo\gizmo\1.0.9.Final\gizmo-1.0.9.Final.jar;C:\Users\locadmin\.m2\repository\org\ow2\asm\asm-util\9.1\asm-util-9.1.jar;C:\Users\locadmin\.m2\repository\org\ow2\asm\asm\9.2\asm-9.2.jar;C:\Users\locadmin\.m2\repository\org\ow2\asm\asm-commons\9.2\asm-commons-9.2.jar;C:\Users\locadmin\.m2\repository\org\ow2\asm\asm-tree\9.2\asm-tree-9.2.jar;C:\Users\locadmin\.m2\repository\org\ow2\asm\asm-analysis\9.2\asm-analysis-9.2.jar;C:\Users\locadmin\.m2\repository\io\quarkus\quarkus-class-change-agent\2.5.0.Final\quarkus-class-change-agent-2.5.0.Final.jar;C:\Users\locadmin\.m2\repository\io\quarkus\quarkus-devtools-utilities\2.5.0.Final\quarkus-devtools-utilities-2.5.0.Final.jar;C:\Users\locadmin\.m2\repository\io\quarkus\quarkus-builder\2.5.0.Final\quarkus-builder-2.5.0.Final.jar;C:\Users\locadmin\.m2\repository\org\junit\platform\junit-platform-launcher\1.8.1\junit-platform-launcher-1.8.1.jar;C:\Users\locadmin\.m2\repository\io\quarkus\quarkus-jsonp-deployment\2.5.0.Final\quarkus-jsonp-deployment-2.5.0.Final.jar;C:\Users\locadmin\.m2\repository\io\quarkus\quarkus-jsonp\2.5.0.Final\quarkus-jsonp-2.5.0.Final.jar;C:\Users\locadmin\.m2\repository\org\glassfish\jakarta.json\1.1.6\jakarta.json-1.1.6.jar;C:\Users\locadmin\.m2\repository\org\jboss\jandex\2.4.1.Final\jandex-2.4.1.Final.jar;C:\Users\locadmin\.m2\repository\org\jboss\logging\commons-logging-jboss-logging\1.0.0.Final\commons-logging-jboss-logging-1.0.0.Final.jar;C:\Users\locadmin\.m2\repository\org\junit\jupiter\junit-jupiter\5.8.1\junit-jupiter-5.8.1.jar;C:\Users\locadmin\.m2\repository\org\junit\jupiter\junit-jupiter-api\5.8.1\junit-jupiter-api-5.8.1.jar;C:\Users\locadmin\.m2\repository\org\opentest4j\opentest4j\1.2.0\opentest4j-1.2.0.jar;C:\Users\locadmin\.m2\repository\org\junit\platform\junit-platform-commons\1.8.1\junit-platform-commons-1.8.1.jar;C:\Users\locadmin\.m2\repository\org\apiguardian\apiguardian-api\1.1.2\apiguardian-api-1.1.2.jar;C:\Users\locadmin\.m2\repository\org\junit\jupiter\junit-jupiter-params\5.8.1\junit-jupiter-params-5.8.1.jar;C:\Users\locadmin\.m2\repository\org\junit\jupiter\junit-jupiter-engine\5.8.1\junit-jupiter-engine-5.8.1.jar;C:\Users\locadmin\.m2\repository\org\junit\platform\junit-platform-engine\1.8.1\junit-platform-engine-1.8.1.jar;C:\Users\locadmin\.m2\repository\com\thoughtworks\xstream\xstream\1.4.18\xstream-1.4.18.jar;C:\Users\locadmin\.m2\repository\io\github\x-stream\mxparser\1.2.2\mxparser-1.2.2.jar;C:\Users\locadmin\.m2\repository\xmlpull\xmlpull\1.1.3.1\xmlpull-1.1.3.1.jar;C:\Users\locadmin\.m2\repository\io\rest-assured\rest-assured\4.4.0\rest-assured-4.4.0.jar;C:\Users\locadmin\.m2\repository\org\codehaus\groovy\groovy\3.0.8\groovy-3.0.8.jar;C:\Users\locadmin\.m2\repository\org\codehaus\groovy\groovy-xml\3.0.8\groovy-xml-3.0.8.jar;C:\Users\locadmin\.m2\repository\org\apache\httpcomponents\httpclient\4.5.13\httpclient-4.5.13.jar;C:\Users\locadmin\.m2\repository\org\apache\httpcomponents\httpcore\4.4.14\httpcore-4.4.14.jar;C:\Users\locadmin\.m2\repository\commons-codec\commons-codec\1.15\commons-codec-1.15.jar;C:\Users\locadmin\.m2\repository\org\apache\httpcomponents\httpmime\4.5.13\httpmime-4.5.13.jar;C:\Users\locadmin\.m2\repository\org\hamcrest\hamcrest\2.1\hamcrest-2.1.jar;C:\Users\locadmin\.m2\repository\org\ccil\cowan\tagsoup\tagsoup\1.2.1\tagsoup-1.2.1.jar;C:\Users\locadmin\.m2\repository\io\rest-assured\json-path\4.4.0\json-path-4.4.0.jar;C:\Users\locadmin\.m2\repository\org\codehaus\groovy\groovy-json\3.0.8\groovy-json-3.0.8.jar;C:\Users\locadmin\.m2\repository\io\rest-assured\rest-assured-common\4.4.0\rest-assured-common-4.4.0.jar;C:\Users\locadmin\.m2\repository\io\rest-assured\xml-path\4.4.0\xml-path-4.4.0.jar;C:\Users\locadmin\.m2\repository\org\apache\commons\commons-lang3\3.12.0\commons-lang3-3.12.0.jar;C:\Users\locadmin\.m2\repository\jakarta\xml\bind\jakarta.xml.bind-api\2.3.3\jakarta.xml.bind-api-2.3.3.jar;C:\Users\locadmin\.m2\repository\com\sun\xml\bind\jaxb-impl\2.3.3\jaxb-impl-2.3.3.jar;C:\Users\locadmin\.m2\repository\io\grpc\grpc-netty-shaded\1.42.1\grpc-netty-shaded-1.42.1.jar;C:\Users\locadmin\.m2\repository\com\google\guava\guava\30.1.1-jre\guava-30.1.1-jre.jar;C:\Users\locadmin\.m2\repository\com\google\guava\failureaccess\1.0.1\failureaccess-1.0.1.jar;C:\Users\locadmin\.m2\repository\com\google\guava\listenablefuture\9999.0-empty-to-avoid-conflict-with-guava\listenablefuture-9999.0-empty-to-avoid-conflict-with-guava.jar;C:\Users\locadmin\.m2\repository\org\checkerframework\checker-qual\2.5.2\checker-qual-2.5.2.jar;C:\Users\locadmin\.m2\repository\com\google\j2objc\j2objc-annotations\1.3\j2objc-annotations-1.3.jar;C:\Users\locadmin\.m2\repository\com\google\errorprone\error_prone_annotations\2.2.0\error_prone_annotations-2.2.0.jar;C:\Users\locadmin\.m2\repository\io\perfmark\perfmark-api\0.23.0\perfmark-api-0.23.0.jar;C:\Users\locadmin\.m2\repository\io\grpc\grpc-core\1.42.1\grpc-core-1.42.1.jar;C:\Users\locadmin\.m2\repository\com\google\code\gson\gson\2.8.6\gson-2.8.6.jar;C:\Users\locadmin\.m2\repository\com\google\android\annotations\4.1.1.4\annotations-4.1.1.4.jar;C:\Users\locadmin\.m2\repository\org\codehaus\mojo\animal-sniffer-annotations\1.19\animal-sniffer-annotations-1.19.jar;C:\Users\locadmin\.m2\repository\io\grpc\grpc-protobuf\1.42.1\grpc-protobuf-1.42.1.jar;C:\Users\locadmin\.m2\repository\com\google\code\findbugs\jsr305\3.0.2\jsr305-3.0.2.jar;C:\Users\locadmin\.m2\repository\com\google\protobuf\protobuf-java\3.19.1\protobuf-java-3.19.1.jar;C:\Users\locadmin\.m2\repository\com\google\api\grpc\proto-google-common-protos\2.0.1\proto-google-common-protos-2.0.1.jar;C:\Users\locadmin\.m2\repository\io\grpc\grpc-protobuf-lite\1.42.1\grpc-protobuf-lite-1.42.1.jar;C:\Users\locadmin\.m2\repository\io\grpc\grpc-stub\1.42.1\grpc-stub-1.42.1.jar;C:\Users\locadmin\.m2\repository\org\apache\tomcat\annotations-api\6.0.53\annotations-api-6.0.53.jar;C:\Users\locadmin\.m2\repository\io\grpc\grpc-api\1.42.1\grpc-api-1.42.1.jar;C:\Users\locadmin\.m2\repository\io\grpc\grpc-context\1.42.1\grpc-context-1.42.1.jar;"/>
    <property name="sun.cpu.endian" value="little"/>
    <property name="user.home" value="C:\Users\locadmin"/>
    <property name="user.language" value="en"/>
    <property name="java.specification.vendor" value="Oracle Corporation"/>
    <property name="io.netty.allocator.maxOrder" value="3"/>
    <property name="java.version.date" value="2021-07-20"/>
    <property name="java.home" value="C:\Program Files\Java\jdk-11.0.12"/>
    <property name="file.separator" value="\"/>
    <property name="basedir" value="D:\Atta\projects\Openshift\code-with-quarkus-client"/>
    <property name="java.vm.compressedOopsMode" value="Zero based"/>
    <property name="line.separator" value="&#10;"/>
    <property name="java.specification.name" value="Java Platform API Specification"/>
    <property name="java.vm.specification.vendor" value="Oracle Corporation"/>
    <property name="java.awt.graphicsenv" value="sun.awt.Win32GraphicsEnvironment"/>
    <property name="surefire.real.class.path" value="C:\Users\locadmin\AppData\Local\Temp\surefire18194595069316322076\surefirebooter13783635291625487166.jar"/>
    <property name="user.script" value=""/>
    <property name="sun.management.compiler" value="HotSpot 64-Bit Tiered Compilers"/>
    <property name="java.runtime.version" value="11.0.12+8-LTS-237"/>
    <property name="user.name" value="locadmin"/>
    <property name="path.separator" value=";"/>
    <property name="os.version" value="10.0"/>
    <property name="java.runtime.name" value="Java(TM) SE Runtime Environment"/>
    <property name="file.encoding" value="Cp1252"/>
    <property name="sun.nio.ch.bugLevel" value=""/>
    <property name="java.vm.name" value="Java HotSpot(TM) 64-Bit Server VM"/>
    <property name="java.vendor.version" value="18.9"/>
    <property name="localRepository" value="C:\Users\locadmin\.m2\repository"/>
    <property name="java.vendor.url.bug" value="https://bugreport.java.com/bugreport/"/>
    <property name="java.io.tmpdir" value="C:\Users\locadmin\AppData\Local\Temp\"/>
    <property name="quarkus.log.file.path" value="target\quarkus.log"/>
    <property name="idea.version" value="2021.2.2"/>
    <property name="java.version" value="11.0.12"/>
    <property name="java.util.concurrent.ForkJoinPool.common.threadFactory" value="io.quarkus.bootstrap.forkjoin.QuarkusForkJoinWorkerThreadFactory"/>
    <property name="user.dir" value="D:\Atta\projects\Openshift\code-with-quarkus-client"/>
    <property name="os.arch" value="amd64"/>
    <property name="java.vm.specification.name" value="Java Virtual Machine Specification"/>
    <property name="vertx.disableDnsResolver" value="true"/>
    <property name="java.awt.printerjob" value="sun.awt.windows.WPrinterJob"/>
    <property name="sun.os.patch.level" value=""/>
    <property name="java.util.logging.manager" value="org.jboss.logmanager.LogManager"/>
    <property name="java.library.path" value="C:\Program Files\Java\jdk-11.0.12\bin;C:\Windows\Sun\Java\bin;C:\Windows\system32;C:\Windows;C:\Program Files (x86)\VMware\VMware Workstation\bin\;C:\Program Files (x86)\Common Files\NetSarang;C:\Program Files\Common Files\Oracle\Java\javapath;C:\Windows\system32;C:\Windows;C:\Windows\System32\Wbem;C:\Windows\System32\WindowsPowerShell\v1.0\;C:\Windows\System32\OpenSSH\;C:\Program Files (x86)\Kaspersky Lab\Kaspersky Endpoint Security for Windows\;D:\minishift-1.34.3-windows-amd64;D:\software\Openshift;C:\Program Files\Git\cmd;D:\apache-maven-3.8.4\bin;C:\Program Files\Java\graalvm-ce-java11-21.3.0\bin;C:\Program Files (x86)\Microsoft Visual Studio\2019\BuildTools\VC\Tools\MSVC\14.29.30133;C:\Users\locadmin\AppData\Local\Microsoft\WindowsApps;;."/>
    <property name="java.vendor" value="Oracle Corporation"/>
    <property name="java.vm.info" value="mixed mode"/>
    <property name="vertx.disableTCCL" value="true"/>
    <property name="java.vm.version" value="11.0.12+8-LTS-237"/>
    <property name="sun.io.unicode.encoding" value="UnicodeLittle"/>
    <property name="io.netty.machineId" value="86:d5:e0:e9:3e:1f:64:63"/>
    <property name="java.class.version" value="55.0"/>
  </properties>
  <testcase name="testHelloEndpoint" classname="ecommerce.GreetingResourceTest" time="5.921">
    <failure type="java.lang.AssertionError"><![CDATA[java.lang.AssertionError: 
1 expectation failed.
Expected status code <200> but was <500>.

	at ecommerce.GreetingResourceTest.testHelloEndpoint(GreetingResourceTest.java:17)
]]></failure>
    <system-out><![CDATA[2021-12-03 15:36:52,476 INFO  [io.quarkus] (main) Quarkus 2.5.0.Final on JVM started in 5.887s. Listening on: http://localhost:8081
2021-12-03 15:36:52,479 INFO  [io.quarkus] (main) Profile test activated. 
2021-12-03 15:36:52,479 INFO  [io.quarkus] (main) Installed features: [cdi, resteasy, smallrye-context-propagation, vertx]
2021-12-03 15:36:58,174 WARNING [io.grp.int.ManagedChannelImpl] (grpc-default-executor-0) [Channel<1>: (openshift-git:50055)] Failed to resolve name. status=Status{code=UNAVAILABLE, description=Unable to resolve host openshift-git, cause=java.lang.RuntimeException: java.net.UnknownHostException: No such host is known (openshift-git)
	at io.grpc.internal.DnsNameResolver.resolveAddresses(DnsNameResolver.java:223)
	at io.grpc.internal.DnsNameResolver.doResolve(DnsNameResolver.java:282)
	at io.grpc.internal.DnsNameResolver$Resolve.run(DnsNameResolver.java:318)
	at java.base/java.util.concurrent.ThreadPoolExecutor.runWorker(ThreadPoolExecutor.java:1128)
	at java.base/java.util.concurrent.ThreadPoolExecutor$Worker.run(ThreadPoolExecutor.java:628)
	at java.base/java.lang.Thread.run(Thread.java:834)
Caused by: java.net.UnknownHostException: No such host is known (openshift-git)
	at java.base/java.net.Inet6AddressImpl.lookupAllHostAddr(Native Method)
	at java.base/java.net.InetAddress$PlatformNameService.lookupAllHostAddr(InetAddress.java:929)
	at java.base/java.net.InetAddress.getAddressesFromNameService(InetAddress.java:1515)
	at java.base/java.net.InetAddress$NameServiceAddresses.get(InetAddress.java:848)
	at java.base/java.net.InetAddress.getAllByName0(InetAddress.java:1505)
	at java.base/java.net.InetAddress.getAllByName(InetAddress.java:1364)
	at java.base/java.net.InetAddress.getAllByName(InetAddress.java:1298)
	at io.grpc.internal.DnsNameResolver$JdkAddressResolver.resolveAddress(DnsNameResolver.java:631)
	at io.grpc.internal.DnsNameResolver.resolveAddresses(DnsNameResolver.java:219)
	... 5 more
}
2021-12-03 15:36:58,194 ERROR [io.qua.ver.htt.run.QuarkusErrorHandler] (executor-thread-0) HTTP Request to /hello failed, error id: d54b03f7-65d5-4425-a506-9b84ad5ce22d-1: org.jboss.resteasy.spi.UnhandledException: io.grpc.StatusRuntimeException: UNAVAILABLE: Unable to resolve host openshift-git
	at org.jboss.resteasy.core.ExceptionHandler.handleApplicationException(ExceptionHandler.java:105)
	at org.jboss.resteasy.core.ExceptionHandler.handleException(ExceptionHandler.java:359)
	at org.jboss.resteasy.core.SynchronousDispatcher.writeException(SynchronousDispatcher.java:218)
	at org.jboss.resteasy.core.SynchronousDispatcher.invoke(SynchronousDispatcher.java:519)
	at org.jboss.resteasy.core.SynchronousDispatcher.lambda$invoke$4(SynchronousDispatcher.java:261)
	at org.jboss.resteasy.core.SynchronousDispatcher.lambda$preprocess$0(SynchronousDispatcher.java:161)
	at org.jboss.resteasy.core.interception.jaxrs.PreMatchContainerRequestContext.filter(PreMatchContainerRequestContext.java:364)
	at org.jboss.resteasy.core.SynchronousDispatcher.preprocess(SynchronousDispatcher.java:164)
	at org.jboss.resteasy.core.SynchronousDispatcher.invoke(SynchronousDispatcher.java:247)
	at io.quarkus.resteasy.runtime.standalone.RequestDispatcher.service(RequestDispatcher.java:73)
	at io.quarkus.resteasy.runtime.standalone.VertxRequestHandler.dispatch(VertxRequestHandler.java:135)
	at io.quarkus.resteasy.runtime.standalone.VertxRequestHandler$1.run(VertxRequestHandler.java:90)
	at io.quarkus.vertx.core.runtime.VertxCoreRecorder$13.runWith(VertxCoreRecorder.java:543)
	at org.jboss.threads.EnhancedQueueExecutor$Task.run(EnhancedQueueExecutor.java:2449)
	at org.jboss.threads.EnhancedQueueExecutor$ThreadBody.run(EnhancedQueueExecutor.java:1478)
	at org.jboss.threads.DelegatingRunnable.run(DelegatingRunnable.java:29)
	at org.jboss.threads.ThreadLocalResettingRunnable.run(ThreadLocalResettingRunnable.java:29)
	at io.netty.util.concurrent.FastThreadLocalRunnable.run(FastThreadLocalRunnable.java:30)
	at java.base/java.lang.Thread.run(Thread.java:834)
Caused by: io.grpc.StatusRuntimeException: UNAVAILABLE: Unable to resolve host openshift-git
	at io.grpc.stub.ClientCalls.toStatusRuntimeException(ClientCalls.java:262)
	at io.grpc.stub.ClientCalls.getUnchecked(ClientCalls.java:243)
	at io.grpc.stub.ClientCalls.blockingUnaryCall(ClientCalls.java:156)
	at ecommerce.ProductInfoGrpc$ProductInfoBlockingStub.addProduct(ProductInfoGrpc.java:210)
	at ecommerce.GreetingResource.hello(GreetingResource.java:30)
	at java.base/jdk.internal.reflect.NativeMethodAccessorImpl.invoke0(Native Method)
	at java.base/jdk.internal.reflect.NativeMethodAccessorImpl.invoke(NativeMethodAccessorImpl.java:62)
	at java.base/jdk.internal.reflect.DelegatingMethodAccessorImpl.invoke(DelegatingMethodAccessorImpl.java:43)
	at java.base/java.lang.reflect.Method.invoke(Method.java:566)
	at org.jboss.resteasy.core.MethodInjectorImpl.invoke(MethodInjectorImpl.java:170)
	at org.jboss.resteasy.core.MethodInjectorImpl.invoke(MethodInjectorImpl.java:130)
	at org.jboss.resteasy.core.ResourceMethodInvoker.internalInvokeOnTarget(ResourceMethodInvoker.java:660)
	at org.jboss.resteasy.core.ResourceMethodInvoker.invokeOnTargetAfterFilter(ResourceMethodInvoker.java:524)
	at org.jboss.resteasy.core.ResourceMethodInvoker.lambda$invokeOnTarget$2(ResourceMethodInvoker.java:474)
	at org.jboss.resteasy.core.interception.jaxrs.PreMatchContainerRequestContext.filter(PreMatchContainerRequestContext.java:364)
	at org.jboss.resteasy.core.ResourceMethodInvoker.invokeOnTarget(ResourceMethodInvoker.java:476)
	at org.jboss.resteasy.core.ResourceMethodInvoker.invoke(ResourceMethodInvoker.java:434)
	at org.jboss.resteasy.core.ResourceMethodInvoker.invoke(ResourceMethodInvoker.java:408)
	at org.jboss.resteasy.core.ResourceMethodInvoker.invoke(ResourceMethodInvoker.java:69)
	at org.jboss.resteasy.core.SynchronousDispatcher.invoke(SynchronousDispatcher.java:492)
	... 15 more
Caused by: java.lang.RuntimeException: java.net.UnknownHostException: No such host is known (openshift-git)
	at io.grpc.internal.DnsNameResolver.resolveAddresses(DnsNameResolver.java:223)
	at io.grpc.internal.DnsNameResolver.doResolve(DnsNameResolver.java:282)
	at io.grpc.internal.DnsNameResolver$Resolve.run(DnsNameResolver.java:318)
	at java.base/java.util.concurrent.ThreadPoolExecutor.runWorker(ThreadPoolExecutor.java:1128)
	at java.base/java.util.concurrent.ThreadPoolExecutor$Worker.run(ThreadPoolExecutor.java:628)
	... 1 more
Caused by: java.net.UnknownHostException: No such host is known (openshift-git)
	at java.base/java.net.Inet6AddressImpl.lookupAllHostAddr(Native Method)
	at java.base/java.net.InetAddress$PlatformNameService.lookupAllHostAddr(InetAddress.java:929)
	at java.base/java.net.InetAddress.getAddressesFromNameService(InetAddress.java:1515)
	at java.base/java.net.InetAddress$NameServiceAddresses.get(InetAddress.java:848)
	at java.base/java.net.InetAddress.getAllByName0(InetAddress.java:1505)
	at java.base/java.net.InetAddress.getAllByName(InetAddress.java:1364)
	at java.base/java.net.InetAddress.getAllByName(InetAddress.java:1298)
	at io.grpc.internal.DnsNameResolver$JdkAddressResolver.resolveAddress(DnsNameResolver.java:631)
	at io.grpc.internal.DnsNameResolver.resolveAddresses(DnsNameResolver.java:219)
	... 5 more

]]></system-out>
  </testcase>
</testsuite>